Determining if the pthread_create exist failed with the following output:
Change Dir: /root/git_workspace/cmake-build-debug/CMakeFiles/CMakeTmp

Run Build Command:"/usr/bin/gmake" "cmTC_f0987/fast"
/usr/bin/gmake -f CMakeFiles/cmTC_f0987.dir/build.make CMakeFiles/cmTC_f0987.dir/build
gmake[1]: 进入目录“/root/git_workspace/cmake-build-debug/CMakeFiles/CMakeTmp”
Building C object CMakeFiles/cmTC_f0987.dir/CheckSymbolExists.c.o
/usr/bin/cc    -o CMakeFiles/cmTC_f0987.dir/CheckSymbolExists.c.o   -c /root/git_workspace/cmake-build-debug/CMakeFiles/CMakeTmp/CheckSymbolExists.c
Linking C executable cmTC_f0987
/usr/local/src/clion/bin/cmake/linux/bin/cmake -E cmake_link_script CMakeFiles/cmTC_f0987.dir/link.txt --verbose=1
/usr/bin/cc      -rdynamic CMakeFiles/cmTC_f0987.dir/CheckSymbolExists.c.o  -o cmTC_f0987 
CMakeFiles/cmTC_f0987.dir/CheckSymbolExists.c.o：在函数‘main’中：
CheckSymbolExists.c:(.text+0x16)：对‘pthread_create’未定义的引用
collect2: error: ld returned 1 exit status
gmake[1]: *** [cmTC_f0987] 错误 1
gmake[1]: 离开目录“/root/git_workspace/cmake-build-debug/CMakeFiles/CMakeTmp”
gmake: *** [cmTC_f0987/fast] 错误 2

File /root/git_workspace/cmake-build-debug/CMakeFiles/CMakeTmp/CheckSymbolExists.c:
/* */
#include <pthread.h>

int main(int argc, char** argv)
{
  (void)argv;
#ifndef pthread_create
  return ((int*)(&pthread_create))[argc];
#else
  (void)argc;
  return 0;
#endif
}

Determining if the function pthread_create exists in the pthreads failed with the following output:
Change Dir: /root/git_workspace/cmake-build-debug/CMakeFiles/CMakeTmp

Run Build Command:"/usr/bin/gmake" "cmTC_3ef54/fast"
/usr/bin/gmake -f CMakeFiles/cmTC_3ef54.dir/build.make CMakeFiles/cmTC_3ef54.dir/build
gmake[1]: 进入目录“/root/git_workspace/cmake-build-debug/CMakeFiles/CMakeTmp”
Building C object CMakeFiles/cmTC_3ef54.dir/CheckFunctionExists.c.o
/usr/bin/cc   -DCHECK_FUNCTION_EXISTS=pthread_create   -o CMakeFiles/cmTC_3ef54.dir/CheckFunctionExists.c.o   -c /usr/local/src/clion/bin/cmake/linux/share/cmake-3.13/Modules/CheckFunctionExists.c
Linking C executable cmTC_3ef54
/usr/local/src/clion/bin/cmake/linux/bin/cmake -E cmake_link_script CMakeFiles/cmTC_3ef54.dir/link.txt --verbose=1
/usr/bin/cc  -DCHECK_FUNCTION_EXISTS=pthread_create    -rdynamic CMakeFiles/cmTC_3ef54.dir/CheckFunctionExists.c.o  -o cmTC_3ef54 -lpthreads 
/usr/bin/ld: 找不到 -lpthreads
collect2: error: ld returned 1 exit status
gmake[1]: *** [cmTC_3ef54] 错误 1
gmake[1]: 离开目录“/root/git_workspace/cmake-build-debug/CMakeFiles/CMakeTmp”
gmake: *** [cmTC_3ef54/fast] 错误 2


